La génération a démarré 12/02/2015 15:09:28.
     1>Projet "D:\workspace\c++\PFE\Evacuation\Evacuation\Evacuation.vcxproj" sur le nœud 2 (Build cible(s)).
     1>ClCompile:
         C:\Program Files (x86)\Microsoft Visual Studio 11.0\VC\bin\CL.exe /c /ZI /nologo /W3 /WX- /sdl /Od /Oy- /D WIN32 /D _DEBUG /D _CONSOLE /D _UNICODE /D UNICODE /Gm /EHsc /RTC1 /MDd /GS /fp:precise /Zc:wchar_t /Zc:forScope /Yu"stdafx.h" /Fp"Debug\Evacuation.pch" /Fo"Debug\\" /Fd"Debug\vc110.pdb" /Gd /TP /analyze- /errorReport:prompt Evacuation.cpp Heuristic1.cpp
         Heuristic1.cpp
     1>d:\workspace\c++\pfe\evacuation\evacuation\pheromone.h(3): warning C4067: jetons inattendus après la directive du préprocesseur - saut de ligne attendu
     1>d:\workspace\c++\pfe\evacuation\evacuation\heuristic1.cpp(32): warning C4244: 'argument' : conversion de 'time_t' en 'unsigned int', perte possible de données
         Evacuation.cpp
     1>d:\workspace\c++\pfe\evacuation\evacuation\pheromone.h(3): warning C4067: jetons inattendus après la directive du préprocesseur - saut de ligne attendu
         Génération de code en cours...
       Link:
         C:\Program Files (x86)\Microsoft Visual Studio 11.0\VC\bin\link.exe /ERRORREPORT:PROMPT /OUT:"D:\workspace\c++\PFE\Evacuation\Debug\Evacuation.exe" /INCREMENTAL /NOLOGO kernel32.lib user32.lib gdi32.lib winspool.lib comdlg32.lib advapi32.lib shell32.lib ole32.lib oleaut32.lib uuid.lib odbc32.lib odbccp32.lib /MANIFEST /MANIFESTUAC:"level='asInvoker' uiAccess='false'" /manifest:embed /DEBUG /PDB:"D:\workspace\c++\PFE\Evacuation\Debug\Evacuation.pdb" /SUBSYSTEM:CONSOLE /TLBID:1 /DYNAMICBASE /NXCOMPAT /IMPLIB:"D:\workspace\c++\PFE\Evacuation\Debug\Evacuation.lib" /MACHINE:X86 Debug\Bus.obj
         Debug\City.obj
         Debug\CollectionPointBus.obj
         Debug\CollectionPointCar.obj
         Debug\Dijkstra.obj
         Debug\Edge.obj
         Debug\Evacuation.obj
         Debug\Heuristic1.obj
         Debug\Parser.obj
         Debug\Path.obj
         Debug\Pheromone.obj
         Debug\ResidualCap.obj
         Debug\Shelter.obj
         Debug\stdafx.obj
         Evacuation.vcxproj -> D:\workspace\c++\PFE\Evacuation\Debug\Evacuation.exe
     1>Génération du projet "D:\workspace\c++\PFE\Evacuation\Evacuation\Evacuation.vcxproj" terminée (Build cible(s)).

La génération a réussi.

Temps écoulé 00:00:02.24
